<?xml version="1.0" encoding="UTF-8"?>
<testsuite xmlns:xsi="http://www.w3.org/2001/XMLSchema-instance" xsi:noNamespaceSchemaLocation="https://maven.apache.org/surefire/maven-surefire-plugin/xsd/surefire-test-report-3.0.xsd" version="3.0" name="com.persona.ejemplo.service.impl.PeopleServiceImplTest" time="0.396" tests="4" errors="0" skipped="0" failures="0">
  <properties>
[...]
</properties>
  <testcase name="findByIdPeopleTest" classname="com.persona.ejemplo.service.impl.PeopleServiceImplTest" time="0.35">
    <system-out><![CDATA[22:09:45.650 [main] INFO com.persona.ejemplo.service.impl.PeopleServiceImplTest -- response  Optional[PeopleEntity(id=1, firstName=Nicolas, lastName=Munoz, years=24)]
]]></system-out>
  </testcase>
  <testcase name="createPeopleTest" classname="com.persona.ejemplo.service.impl.PeopleServiceImplTest" time="0.007"/>
  <testcase name="listPeopleEntitiesTest" classname="com.persona.ejemplo.service.impl.PeopleServiceImplTest" time="0.006"/>
  <testcase name="listByText" classname="com.persona.ejemplo.service.impl.PeopleServiceImplTest" time="0.024">
    <system-out><![CDATA[22:09:45.715 [main] INFO com.persona.ejemplo.service.impl.PeopleServiceImpl -- RESSSSS Page 1 of 1 containing com.persona.ejemplo.entity.PeopleEntity instances
22:09:45.715 [main] INFO com.persona.ejemplo.service.impl.PeopleServiceImpl -- EJEMPLO DE IF Page 1 of 1 containing com.persona.ejemplo.entity.PeopleEntity instances
]]></system-out>
  </testcase>
</testsuite>